2021-10-21 09:04:00.008  INFO 19744 --- [quartzScheduler_Worker-2] c.j.p.s.c.c.MetaObjectHandlerConfig      : start insert fill ....
2021-10-21 09:05:00.007  INFO 19744 --- [quartzScheduler_Worker-3] c.j.p.s.c.c.MetaObjectHandlerConfig      : start insert fill ....
2021-10-21 09:06:00.002  INFO 19744 --- [quartzScheduler_Worker-4] c.j.p.s.c.c.MetaObjectHandlerConfig      : start insert fill ....
2021-10-21 09:07:00.013  INFO 19744 --- [quartzScheduler_Worker-5] c.j.p.s.c.c.MetaObjectHandlerConfig      : start insert fill ....
2021-10-21 09:08:00.005  INFO 19744 --- [quartzScheduler_Worker-6] c.j.p.s.c.c.MetaObjectHandlerConfig      : start insert fill ....
2021-10-21 09:09:00.012  INFO 19744 --- [quartzScheduler_Worker-7] c.j.p.s.c.c.MetaObjectHandlerConfig      : start insert fill ....
2021-10-21 09:10:00.020  INFO 19744 --- [quartzScheduler_Worker-8] c.j.p.s.c.c.MetaObjectHandlerConfig      : start insert fill ....
2021-10-21 09:11:00.016  INFO 19744 --- [quartzScheduler_Worker-9] c.j.p.s.c.c.MetaObjectHandlerConfig      : start insert fill ....
2021-10-21 09:12:00.012  INFO 19744 --- [quartzScheduler_Worker-10] c.j.p.s.c.c.MetaObjectHandlerConfig      : start insert fill ....
2021-10-21 09:13:00.015  INFO 19744 --- [quartzScheduler_Worker-1] c.j.p.s.c.c.MetaObjectHandlerConfig      : start insert fill ....
2021-10-21 09:14:00.016  INFO 19744 --- [quartzScheduler_Worker-2] c.j.p.s.c.c.MetaObjectHandlerConfig      : start insert fill ....
2021-10-21 09:15:00.014  INFO 19744 --- [quartzScheduler_Worker-3] c.j.p.s.c.c.MetaObjectHandlerConfig      : start insert fill ....
2021-10-21 09:16:00.017  INFO 19744 --- [quartzScheduler_Worker-4] c.j.p.s.c.c.MetaObjectHandlerConfig      : start insert fill ....
2021-10-21 09:17:00.013  INFO 19744 --- [quartzScheduler_Worker-5] c.j.p.s.c.c.MetaObjectHandlerConfig      : start insert fill ....
2021-10-21 09:18:00.009  INFO 19744 --- [quartzScheduler_Worker-6] c.j.p.s.c.c.MetaObjectHandlerConfig      : start insert fill ....
2021-10-21 09:19:00.016  INFO 19744 --- [quartzScheduler_Worker-7] c.j.p.s.c.c.MetaObjectHandlerConfig      : start insert fill ....
2021-10-21 09:20:00.007  INFO 19744 --- [quartzScheduler_Worker-8] c.j.p.s.c.c.MetaObjectHandlerConfig      : start insert fill ....
2021-10-21 09:21:00.034  INFO 19744 --- [quartzScheduler_Worker-9] c.j.p.s.c.c.MetaObjectHandlerConfig      : start insert fill ....
2021-10-21 09:22:00.011  INFO 19744 --- [quartzScheduler_Worker-10] c.j.p.s.c.c.MetaObjectHandlerConfig      : start insert fill ....
2021-10-21 09:23:00.016  INFO 19744 --- [quartzScheduler_Worker-1] c.j.p.s.c.c.MetaObjectHandlerConfig      : start insert fill ....
2021-10-21 09:24:00.020  INFO 19744 --- [quartzScheduler_Worker-2] c.j.p.s.c.c.MetaObjectHandlerConfig      : start insert fill ....
2021-10-21 09:24:11.863  INFO 19744 --- [http-nio-8081-exec-10] c.j.p.s.c.s.CustomAccessControlFilter    : GET
2021-10-21 09:24:11.864  INFO 19744 --- [http-nio-8081-exec-10] c.j.p.s.c.s.CustomAccessControlFilter    : http://localhost:8081/sys/init
2021-10-21 09:24:12.466  INFO 19744 --- [http-nio-8081-exec-4] c.j.p.s.c.s.CustomAccessControlFilter    : POST
2021-10-21 09:24:12.466  INFO 19744 --- [http-nio-8081-exec-4] c.j.p.s.c.s.CustomAccessControlFilter    : http://localhost:8081/sys/roles
2021-10-21 09:24:12.495  INFO 19744 --- [http-nio-8081-exec-4] c.j.p.s.common.aop.aspect.SysLogAspect   : 请求com.jun.plugin.system.controller.RoleController.pageInfo耗时15毫秒
2021-10-21 09:24:12.496  INFO 19744 --- [http-nio-8081-exec-4] c.j.p.s.common.aop.aspect.SysLogAspect   : Ip0:0:0:0:0:0:0:1，接口地址http://localhost:8081/sys/roles，请求方式POST，入参：[{}]
2021-10-21 09:24:12.502  INFO 19744 --- [http-nio-8081-exec-4] c.j.p.s.common.aop.aspect.SysLogAspect   : SysLog(id=null, userId=1, username=admin, operation=角色管理-分页获取角色信息, time=15, method=com.jun.plugin.system.controller.RoleController.pageInfo(), params=[{}], ip=0:0:0:0:0:0:0:1, createTime=null, startTime=null, endTime=null)
2021-10-21 09:24:12.504  INFO 19744 --- [http-nio-8081-exec-4] c.j.p.s.c.c.MetaObjectHandlerConfig      : start insert fill ....
2021-10-21 09:24:16.349  INFO 19744 --- [http-nio-8081-exec-10] c.j.p.s.c.s.CustomAccessControlFilter    : GET
2021-10-21 09:24:16.349  INFO 19744 --- [http-nio-8081-exec-10] c.j.p.s.c.s.CustomAccessControlFilter    : http://localhost:8081/sys/role/1450370826061127682
2021-10-21 09:24:17.030  INFO 19744 --- [http-nio-8081-exec-10] c.j.p.s.common.aop.aspect.SysLogAspect   : 请求com.jun.plugin.system.controller.RoleController.detailInfo耗时676毫秒
2021-10-21 09:24:17.030  INFO 19744 --- [http-nio-8081-exec-10] c.j.p.s.common.aop.aspect.SysLogAspect   : Ip0:0:0:0:0:0:0:1，接口地址http://localhost:8081/sys/role/1450370826061127682，请求方式GET，入参：["1450370826061127682"]
2021-10-21 09:24:17.037  INFO 19744 --- [http-nio-8081-exec-10] c.j.p.s.common.aop.aspect.SysLogAspect   : SysLog(id=null, userId=1, username=admin, operation=角色管理-查询角色详情, time=676, method=com.jun.plugin.system.controller.RoleController.detailInfo(), params=["1450370826061127682"], ip=0:0:0:0:0:0:0:1, createTime=null, startTime=null, endTime=null)
2021-10-21 09:24:17.038  INFO 19744 --- [http-nio-8081-exec-10] c.j.p.s.c.c.MetaObjectHandlerConfig      : start insert fill ....
2021-10-21 09:24:24.198  INFO 19744 --- [http-nio-8081-exec-2] c.j.p.s.c.s.CustomAccessControlFilter    : POST
2021-10-21 09:24:24.198  INFO 19744 --- [http-nio-8081-exec-2] c.j.p.s.c.s.CustomAccessControlFilter    : http://localhost:8081/sys/roles
2021-10-21 09:24:24.206  INFO 19744 --- [http-nio-8081-exec-2] c.j.p.s.common.aop.aspect.SysLogAspect   : 请求com.jun.plugin.system.controller.RoleController.pageInfo耗时4毫秒
2021-10-21 09:24:24.206  INFO 19744 --- [http-nio-8081-exec-2] c.j.p.s.common.aop.aspect.SysLogAspect   : Ip0:0:0:0:0:0:0:1，接口地址http://localhost:8081/sys/roles，请求方式POST，入参：[{}]
2021-10-21 09:24:24.211  INFO 19744 --- [http-nio-8081-exec-2] c.j.p.s.common.aop.aspect.SysLogAspect   : SysLog(id=null, userId=1, username=admin, operation=角色管理-分页获取角色信息, time=4, method=com.jun.plugin.system.controller.RoleController.pageInfo(), params=[{}], ip=0:0:0:0:0:0:0:1, createTime=null, startTime=null, endTime=null)
2021-10-21 09:24:24.211  INFO 19744 --- [http-nio-8081-exec-2] c.j.p.s.c.c.MetaObjectHandlerConfig      : start insert fill ....
2021-10-21 09:25:00.004  INFO 19744 --- [quartzScheduler_Worker-3] c.j.p.s.c.c.MetaObjectHandlerConfig      : start insert fill ....
2021-10-21 09:25:01.946  INFO 19744 --- [http-nio-8081-exec-10] c.j.p.s.c.s.CustomAccessControlFilter    : GET
2021-10-21 09:25:01.946  INFO 19744 --- [http-nio-8081-exec-10] c.j.p.s.c.s.CustomAccessControlFilter    : http://localhost:8081/sys/init
2021-10-21 09:25:02.326  INFO 19744 --- [http-nio-8081-exec-3] c.j.p.s.c.s.CustomAccessControlFilter    : POST
2021-10-21 09:25:02.326  INFO 19744 --- [http-nio-8081-exec-3] c.j.p.s.c.s.CustomAccessControlFilter    : http://localhost:8081/sys/roles
2021-10-21 09:25:02.343  INFO 19744 --- [http-nio-8081-exec-3] c.j.p.s.common.aop.aspect.SysLogAspect   : 请求com.jun.plugin.system.controller.RoleController.pageInfo耗时12毫秒
2021-10-21 09:25:02.343  INFO 19744 --- [http-nio-8081-exec-3] c.j.p.s.common.aop.aspect.SysLogAspect   : Ip0:0:0:0:0:0:0:1，接口地址http://localhost:8081/sys/roles，请求方式POST，入参：[{}]
2021-10-21 09:25:02.350  INFO 19744 --- [http-nio-8081-exec-3] c.j.p.s.common.aop.aspect.SysLogAspect   : SysLog(id=null, userId=1, username=admin, operation=角色管理-分页获取角色信息, time=12, method=com.jun.plugin.system.controller.RoleController.pageInfo(), params=[{}], ip=0:0:0:0:0:0:0:1, createTime=null, startTime=null, endTime=null)
2021-10-21 09:25:02.353  INFO 19744 --- [http-nio-8081-exec-3] c.j.p.s.c.c.MetaObjectHandlerConfig      : start insert fill ....
2021-10-21 09:25:06.425  INFO 19744 --- [http-nio-8081-exec-3] c.j.p.s.c.s.CustomAccessControlFilter    : GET
2021-10-21 09:25:06.425  INFO 19744 --- [http-nio-8081-exec-3] c.j.p.s.c.s.CustomAccessControlFilter    : http://localhost:8081/sys/home/
2021-10-21 09:25:12.689  INFO 19744 --- [http-nio-8081-exec-3] c.j.p.s.c.s.CustomAccessControlFilter    : POST
2021-10-21 09:25:12.689  INFO 19744 --- [http-nio-8081-exec-3] c.j.p.s.c.s.CustomAccessControlFilter    : http://localhost:8081/pjCustomer/listBySelect
2021-10-21 09:25:12.701  INFO 19744 --- [http-nio-8081-exec-3] c.j.p.b.controller.PjCustomerController  : 
 this.pjCustomerMapper.selectCountUser()=45
2021-10-21 09:25:16.750  INFO 19744 --- [http-nio-8081-exec-1] c.j.p.s.c.s.CustomAccessControlFilter    : POST
2021-10-21 09:25:16.751  INFO 19744 --- [http-nio-8081-exec-1] c.j.p.s.c.s.CustomAccessControlFilter    : http://localhost:8081/pjCustomer/listBySelect
2021-10-21 09:25:16.774  INFO 19744 --- [http-nio-8081-exec-1] c.j.p.b.controller.PjCustomerController  : 
 this.pjCustomerMapper.selectCountUser()=45
2021-10-21 09:26:00.005  INFO 19744 --- [quartzScheduler_Worker-4] c.j.p.s.c.c.MetaObjectHandlerConfig      : start insert fill ....
2021-10-21 09:27:00.011  INFO 19744 --- [quartzScheduler_Worker-5] c.j.p.s.c.c.MetaObjectHandlerConfig      : start insert fill ....
2021-10-21 09:28:00.012  INFO 19744 --- [quartzScheduler_Worker-6] c.j.p.s.c.c.MetaObjectHandlerConfig      : start insert fill ....
